<?xml version="1.0" encoding="UTF-8"?>
<!-- Generated by org.testng.reporters.JUnitReportReporter -->
<testsuite hostname="asus" name="Tests.LoginTest" tests="4" failures="0" timestamp="12 Sep 2018 06:27:14 GMT" time="29.066" errors="0">
  <testcase name="validUsernamePassword" time="15.658" classname="Tests.LoginTest"/>
  <testcase name="invalidUsernamePassword" time="1.709" classname="Tests.LoginTest"/>
  <testcase name="invalidUsernameValidPassword" time="6.535" classname="Tests.LoginTest"/>
  <testcase name="validUsernameInvalidPassword" time="5.164" classname="Tests.LoginTest"/>
</testsuite> <!-- Tests.LoginTest -->
